<?xml version="1.0" encoding="UTF-8"?>
<!-- Generated by org.testng.reporters.JUnitXMLReporter -->
<testsuite ignored="0" hostname="DESKTOP-J7K0D42" failures="0" tests="4" name="Default test" time="0.154" errors="0" timestamp="2023-11-27T15:08:31 IST">
  <testcase classname="testNGPractice.PriorityTest" name="A" time="0.02"/>
  <testcase classname="testNGPractice.PriorityTest" name="B" time="0.005"/>
  <testcase classname="testNGPractice.PriorityTest" name="C" time="0.009"/>
  <testcase classname="testNGPractice.PriorityTest" name="D" time="0.008"/>
</testsuite> <!-- Default test -->
