<?xml version="1.0" encoding="UTF-8"?>
<!-- Generated by org.testng.reporters.JUnitXMLReporter -->
<testsuite ignored="2" hostname="DESKTOP-J7K0D42" failures="0" tests="2" name="Grouping1Test" time="0.089" errors="0" timestamp="2023-11-27T15:17:01 IST">
  <testcase classname="testNGPractice.PriorityTest" name="A" time="0.011"/>
  <testcase classname="testNGPractice.PriorityTest" name="C" time="0.004"/>
  <testcase classname="testNGPractice.PriorityTest" name="D" time="0.0">
    <ignored/>
  </testcase> <!-- D -->
  <testcase classname="testNGPractice.PriorityTest" name="B" time="0.0">
    <ignored/>
  </testcase> <!-- B -->
</testsuite> <!-- Grouping1Test -->
