<?xml version="1.0" encoding="UTF-8"?>
<!-- Generated by org.testng.reporters.JUnitXMLReporter -->
<testsuite ignored="4" hostname="DESKTOP-J7K0D42" failures="0" tests="3" name="GroupingofTwoClassesTest" time="0.105" errors="0" timestamp="2023-11-27T15:32:05 IST">
  <testcase classname="testNGPractice.PriorityTest" name="C" time="0.017"/>
  <testcase classname="testNGPractice.PriorityTest" name="A" time="0.002"/>
  <testcase classname="testNGPractice.Grouping" name="G" time="0.003"/>
  <testcase classname="testNGPractice.PriorityTest" name="D" time="0.0">
    <ignored/>
  </testcase> <!-- D -->
  <testcase classname="testNGPractice.PriorityTest" name="B" time="0.0">
    <ignored/>
  </testcase> <!-- B -->
  <testcase classname="testNGPractice.Grouping" name="F" time="0.0">
    <ignored/>
  </testcase> <!-- F -->
  <testcase classname="testNGPractice.Grouping" name="E" time="0.0">
    <ignored/>
  </testcase> <!-- E -->
</testsuite> <!-- GroupingofTwoClassesTest -->
