<?xml version="1.0" encoding="UTF-8"?>
<testng-results ignored="4" total="7" passed="3" failed="0" skipped="0">
  <reporter-output>
  </reporter-output>
  <suite started-at="2023-11-27T15:32:05 IST" name="GroupingofTwoClassesSuite" finished-at="2023-11-27T15:32:05 IST" duration-ms="105">
    <groups>
      <group name="Sanity Testing">
        <method signature="Grouping.G()[pri:0, instance:testNGPractice.Grouping@38c6f217]" name="G" class="testNGPractice.Grouping"/>
        <method signature="PriorityTest.A()[pri:2, instance:testNGPractice.PriorityTest@59309333]" name="A" class="testNGPractice.PriorityTest"/>
        <method signature="PriorityTest.C()[pri:1, instance:testNGPractice.PriorityTest@59309333]" name="C" class="testNGPractice.PriorityTest"/>
      </group> <!-- Sanity Testing -->
    </groups>
    <test started-at="2023-11-27T15:32:05 IST" name="GroupingofTwoClassesTest" finished-at="2023-11-27T15:32:05 IST" duration-ms="105">
      <class name="testNGPractice.PriorityTest">
        <test-method signature="C()[pri:1, instance:testNGPractice.PriorityTest@59309333]" started-at="2023-11-27T15:32:05 IST" name="C" finished-at="2023-11-27T15:32:05 IST" duration-ms="17" status="PASS">
          <reporter-output>
          </reporter-output>
        </test-method> <!-- C -->
        <test-method signature="A()[pri:2, instance:testNGPractice.PriorityTest@59309333]" started-at="2023-11-27T15:32:05 IST" name="A" finished-at="2023-11-27T15:32:05 IST" duration-ms="2" status="PASS">
          <reporter-output>
          </reporter-output>
        </test-method> <!-- A -->
      </class> <!-- testNGPractice.PriorityTest -->
      <class name="testNGPractice.Grouping">
        <test-method signature="G()[pri:0, instance:testNGPractice.Grouping@38c6f217]" started-at="2023-11-27T15:32:05 IST" name="G" finished-at="2023-11-27T15:32:05 IST" duration-ms="3" status="PASS">
          <reporter-output>
          </reporter-output>
        </test-method> <!-- G -->
      </class> <!-- testNGPractice.Grouping -->
    </test> <!-- GroupingofTwoClassesTest -->
  </suite> <!-- GroupingofTwoClassesSuite -->
</testng-results>
