<?xml version="1.0" encoding="UTF-8"?>
<!-- Generated by org.testng.reporters.JUnitXMLReporter -->
<testsuite ignored="0" hostname="DESKTOP-J7K0D42" failures="0" tests="7" name="Grouping" time="0.142" errors="0" timestamp="2023-11-27T14:47:53 IST">
  <testcase classname="testNGPractice.Grouping" name="B" time="0.019"/>
  <testcase classname="testNGPractice.Grouping" name="E" time="0.003"/>
  <testcase classname="testNGPractice.Grouping" name="F" time="0.004"/>
  <testcase classname="testNGPractice.PriorityTest" name="A" time="0.002"/>
  <testcase classname="testNGPractice.PriorityTest" name="C" time="0.006"/>
  <testcase classname="testNGPractice.PriorityTest" name="D" time="0.003"/>
  <testcase classname="testNGPractice.PriorityTest" name="G" time="0.002"/>
</testsuite> <!-- Grouping -->
